

	    
	        
 	
   
   
   
   
   
   
   
  
   
   
  <testsuite name="mxunit.testresults" hostname="localhost" tests="8" failures="2" errors="0" timestamp="04/20/08 3:59:28 PM" time="0.031"><properties>
[...]
</properties><testcase classname="mxunit.tests.framework.fixture.fixturetests.SomeRandomTest" name="testFour" time="0"></testcase><testcase classname="mxunit.tests.framework.fixture.fixturetests.SomeRandomTest" name="testThree" time="0"></testcase><testcase classname="mxunit.tests.framework.fixture.fixturetests.SomeRandomTest" name="testTwo" time="0"><failure message="Intentional failure"><![CDATA[coldfusion.runtime.CustomException: Intentional failure
	at coldfusion.tagext.lang.ThrowTag.doStartTag(ThrowTag.java:124)
	at coldfusion.runtime.CfJspPage._emptyTag(CfJspPage.java:1915)
	at cfAssert2ecfc538951712$funcFAIL.runFunction(C:\CFusionMX7\wwwroot\mxunit\framework\Assert.cfc:114)
	at coldfusion.runtime.UDFMethod.invoke(UDFMethod.java:344)
	at coldfusion.runtime.UDFMethod$ReturnTypeFilter.invoke(UDFMethod.java:290)
	at coldfusion.runtime.UDFMethod$ArgumentCollectionFilter.invoke(UDFMethod.java:254)
	at coldfusion.filter.FunctionAccessFilter.invoke(FunctionAccessFilter.java:56)
	at coldfusion.runtime.UDFMethod.runFilterChain(UDFMethod.java:207)
	at coldfusion.runtime.UDFMethod.invoke(UDFMethod.java:366)
	at coldfusion.runtime.CfJspPage._invokeUDF(CfJspPage.java:1772)
	at coldfusion.tagext.lang.InvokeTag.doEndTag(InvokeTag.java:403)
	at cfAssert2ecfc538951712$funcASSERTTRUE.runFunction(C:\CFusionMX7\wwwroot\mxunit\framework\Assert.cfc:213)
	at coldfusion.runtime.UDFMethod.invoke(UDFMethod.java:344)
	at coldfusion.runtime.UDFMethod$ReturnTypeFilter.invoke(UDFMethod.java:290)
	at coldfusion.runtime.UDFMethod$ArgumentCollectionFilter.invoke(UDFMethod.java:254)
	at coldfusion.filter.FunctionAccessFilter.invoke(FunctionAccessFilter.java:56)
	at coldfusion.runtime.UDFMethod.runFilterChain(UDFMethod.java:207)
	at coldfusion.runtime.UDFMethod.invoke(UDFMethod.java:169)
	at coldfusion.runtime.CfJspPage._invokeUDF(CfJspPage.java:1807)
	at cfSomeRandomTest2ecfc2002986453$funcTESTTWO.runFunction(C:\CFusionMX7\wwwroot\mxunit\tests\framework\fixture\fixturetests\SomeRandomTest.cfc:20)
	at coldfusion.runtime.UDFMethod.invoke(UDFMethod.java:344)
	at coldfusion.runtime.UDFMethod$ArgumentCollectionFilter.invoke(UDFMethod.java:254)
	at coldfusion.filter.FunctionAccessFilter.invoke(FunctionAccessFilter.java:56)
	at coldfusion.runtime.UDFMethod.runFilterChain(UDFMethod.java:207)
	at coldfusion.runtime.UDFMethod.invoke(UDFMethod.java:366)
	at coldfusion.runtime.TemplateProxy.invoke(TemplateProxy.java:198)
	at coldfusion.runtime.TemplateProxy.invoke(TemplateProxy.java:157)
	at coldfusion.runtime.CfJspPage._invoke(CfJspPage.java:1594)
	at coldfusion.tagext.lang.InvokeTag.doEndTag(InvokeTag.java:345)
	at coldfusion.runtime.CfJspPage._emptyTag(CfJspPage.java:1916)
	at cfTestSuite2ecfc262243923$funcRUN.runFunction(C:\CFusionMX7\wwwroot\mxunit\framework\TestSuite.cfc:152)
	at coldfusion.runtime.UDFMethod.invoke(UDFMethod.java:344)
	at coldfusion.runtime.UDFMethod$ReturnTypeFilter.invoke(UDFMethod.java:290)
	at coldfusion.runtime.UDFMethod$ArgumentCollectionFilter.invoke(UDFMethod.java:254)
	at coldfusion.filter.FunctionAccessFilter.invoke(FunctionAccessFilter.java:56)
	at coldfusion.runtime.UDFMethod.runFilterChain(UDFMethod.java:207)
	at coldfusion.runtime.UDFMethod.invoke(UDFMethod.java:169)
	at coldfusion.runtime.TemplateProxy.invoke(TemplateProxy.java:194)
	at coldfusion.runtime.TemplateProxy.invoke(TemplateProxy.java:146)
	at coldfusion.runtime.CfJspPage._invoke(CfJspPage.java:1634)
	at cfDirectoryTestSuite2ecfc1285432942$funcRUN.runFunction(C:\CFusionMX7\wwwroot\mxunit\runner\DirectoryTestSuite.cfc:33)
	at coldfusion.runtime.UDFMethod.invoke(UDFMethod.java:344)
	at coldfusion.runtime.UDFMethod$ReturnTypeFilter.invoke(UDFMethod.java:290)
	at coldfusion.runtime.UDFMethod$ArgumentCollectionFilter.invoke(UDFMethod.java:254)
	at coldfusion.filter.FunctionAccessFilter.invoke(FunctionAccessFilter.java:56)
	at coldfusion.runtime.UDFMethod.runFilterChain(UDFMethod.java:207)
	at coldfusion.runtime.UDFMethod.invoke(UDFMethod.java:366)
	at coldfusion.runtime.TemplateProxy.invoke(TemplateProxy.java:198)
	at coldfusion.runtime.TemplateProxy.invoke(TemplateProxy.java:157)
	at coldfusion.runtime.CfJspPage._invoke(CfJspPage.java:1594)
	at cfHttpAntRunner2ecfc2128678627$funcRUN.runFunction(C:\CFusionMX7\wwwroot\mxunit\runner\HttpAntRunner.cfc:27)
	at coldfusion.runtime.UDFMethod.invoke(UDFMethod.java:344)
	at coldfusion.runtime.UDFMethod$ReturnTypeFilter.invoke(UDFMethod.java:290)
	at coldfusion.runtime.UDFMethod$ArgumentCollectionFilter.invoke(UDFMethod.java:254)
	at coldfusion.filter.FunctionAccessFilter.invoke(FunctionAccessFilter.java:56)
	at coldfusion.runtime.UDFMethod.runFilterChain(UDFMethod.java:207)
	at coldfusion.runtime.UDFMethod.invoke(UDFMethod.java:366)
	at coldfusion.runtime.TemplateProxy.invoke(TemplateProxy.java:198)
	at coldfusion.runtime.TemplateProxy.invoke(TemplateProxy.java:157)
	at coldfusion.filter.ComponentFilter.invoke(ComponentFilter.java:158)
	at coldfusion.filter.ApplicationFilter.invoke(ApplicationFilter.java:225)
	at coldfusion.filter.PathFilter.invoke(PathFilter.java:86)
	at coldfusion.filter.LicenseFilter.invoke(LicenseFilter.java:27)
	at coldfusion.filter.ExceptionFilter.invoke(ExceptionFilter.java:69)
	at coldfusion.filter.ClientScopePersistenceFilter.invoke(ClientScopePersistenceFilter.java:28)
	at coldfusion.filter.BrowserFilter.invoke(BrowserFilter.java:38)
	at coldfusion.filter.GlobalsFilter.invoke(GlobalsFilter.java:38)
	at coldfusion.filter.DatasourceFilter.invoke(DatasourceFilter.java:22)
	at coldfusion.xml.rpc.CFCServlet.invoke(CFCServlet.java:106)
	at coldfusion.xml.rpc.CFCServlet.doGet(CFCServlet.java:157)
	at javax.servlet.http.HttpServlet.service(HttpServlet.java:740)
	at org.apache.axis.transport.http.AxisServletBase.service(AxisServletBase.java:327)
	at javax.servlet.http.HttpServlet.service(HttpServlet.java:853)
	at coldfusion.bootstrap.BootstrapServlet.service(BootstrapServlet.java:78)
	at jrun.servlet.ServletInvoker.invoke(ServletInvoker.java:91)
	at jrun.servlet.JRunInvokerChain.invokeNext(JRunInvokerChain.java:42)
	at jrun.servlet.JRunRequestDispatcher.invoke(JRunRequestDispatcher.java:257)
	at jrun.servlet.ServletEngineService.dispatch(ServletEngineService.java:541)
	at jrun.servlet.http.WebService.invokeRunnable(WebService.java:172)
	at jrunx.scheduler.ThreadPool$DownstreamMetrics.invokeRunnable(ThreadPool.java:318)
	at jrunx.scheduler.ThreadPool$ThreadThrottle.invokeRunnable(ThreadPool.java:426)
	at jrunx.scheduler.ThreadPool$UpstreamMetrics.invokeRunnable(ThreadPool.java:264)
	at jrunx.scheduler.WorkerThread.run(WorkerThread.java:66)
]]></failure></testcase><testcase classname="mxunit.tests.framework.fixture.fixturetests.SomeRandomTest" name="testOne" time="0"></testcase><testcase classname="mxunit.tests.framework.fixture.fixturetests.AnotherRandomTest" name="testFour" time="0"></testcase><testcase classname="mxunit.tests.framework.fixture.fixturetests.AnotherRandomTest" name="testThree" time="0"></testcase><testcase classname="mxunit.tests.framework.fixture.fixturetests.AnotherRandomTest" name="testTwo" time="0"><failure message="Intentional failure"><![CDATA[coldfusion.runtime.CustomException: Intentional failure
	at coldfusion.tagext.lang.ThrowTag.doStartTag(ThrowTag.java:124)
	at coldfusion.runtime.CfJspPage._emptyTag(CfJspPage.java:1915)
	at cfAssert2ecfc538951712$funcFAIL.runFunction(C:\CFusionMX7\wwwroot\mxunit\framework\Assert.cfc:114)
	at coldfusion.runtime.UDFMethod.invoke(UDFMethod.java:344)
	at coldfusion.runtime.UDFMethod$ReturnTypeFilter.invoke(UDFMethod.java:290)
	at coldfusion.runtime.UDFMethod$ArgumentCollectionFilter.invoke(UDFMethod.java:254)
	at coldfusion.filter.FunctionAccessFilter.invoke(FunctionAccessFilter.java:56)
	at coldfusion.runtime.UDFMethod.runFilterChain(UDFMethod.java:207)
	at coldfusion.runtime.UDFMethod.invoke(UDFMethod.java:366)
	at coldfusion.runtime.CfJspPage._invokeUDF(CfJspPage.java:1772)
	at coldfusion.tagext.lang.InvokeTag.doEndTag(InvokeTag.java:403)
	at cfAssert2ecfc538951712$funcASSERTTRUE.runFunction(C:\CFusionMX7\wwwroot\mxunit\framework\Assert.cfc:213)
	at coldfusion.runtime.UDFMethod.invoke(UDFMethod.java:344)
	at coldfusion.runtime.UDFMethod$ReturnTypeFilter.invoke(UDFMethod.java:290)
	at coldfusion.runtime.UDFMethod$ArgumentCollectionFilter.invoke(UDFMethod.java:254)
	at coldfusion.filter.FunctionAccessFilter.invoke(FunctionAccessFilter.java:56)
	at coldfusion.runtime.UDFMethod.runFilterChain(UDFMethod.java:207)
	at coldfusion.runtime.UDFMethod.invoke(UDFMethod.java:169)
	at coldfusion.runtime.CfJspPage._invokeUDF(CfJspPage.java:1807)
	at cfAnotherRandomTest2ecfc1150416868$funcTESTTWO.runFunction(C:\CFusionMX7\wwwroot\mxunit\tests\framework\fixture\fixturetests\AnotherRandomTest.cfc:20)
	at coldfusion.runtime.UDFMethod.invoke(UDFMethod.java:344)
	at coldfusion.runtime.UDFMethod$ArgumentCollectionFilter.invoke(UDFMethod.java:254)
	at coldfusion.filter.FunctionAccessFilter.invoke(FunctionAccessFilter.java:56)
	at coldfusion.runtime.UDFMethod.runFilterChain(UDFMethod.java:207)
	at coldfusion.runtime.UDFMethod.invoke(UDFMethod.java:366)
	at coldfusion.runtime.TemplateProxy.invoke(TemplateProxy.java:198)
	at coldfusion.runtime.TemplateProxy.invoke(TemplateProxy.java:157)
	at coldfusion.runtime.CfJspPage._invoke(CfJspPage.java:1594)
	at coldfusion.tagext.lang.InvokeTag.doEndTag(InvokeTag.java:345)
	at coldfusion.runtime.CfJspPage._emptyTag(CfJspPage.java:1916)
	at cfTestSuite2ecfc262243923$funcRUN.runFunction(C:\CFusionMX7\wwwroot\mxunit\framework\TestSuite.cfc:152)
	at coldfusion.runtime.UDFMethod.invoke(UDFMethod.java:344)
	at coldfusion.runtime.UDFMethod$ReturnTypeFilter.invoke(UDFMethod.java:290)
	at coldfusion.runtime.UDFMethod$ArgumentCollectionFilter.invoke(UDFMethod.java:254)
	at coldfusion.filter.FunctionAccessFilter.invoke(FunctionAccessFilter.java:56)
	at coldfusion.runtime.UDFMethod.runFilterChain(UDFMethod.java:207)
	at coldfusion.runtime.UDFMethod.invoke(UDFMethod.java:169)
	at coldfusion.runtime.TemplateProxy.invoke(TemplateProxy.java:194)
	at coldfusion.runtime.TemplateProxy.invoke(TemplateProxy.java:146)
	at coldfusion.runtime.CfJspPage._invoke(CfJspPage.java:1634)
	at cfDirectoryTestSuite2ecfc1285432942$funcRUN.runFunction(C:\CFusionMX7\wwwroot\mxunit\runner\DirectoryTestSuite.cfc:33)
	at coldfusion.runtime.UDFMethod.invoke(UDFMethod.java:344)
	at coldfusion.runtime.UDFMethod$ReturnTypeFilter.invoke(UDFMethod.java:290)
	at coldfusion.runtime.UDFMethod$ArgumentCollectionFilter.invoke(UDFMethod.java:254)
	at coldfusion.filter.FunctionAccessFilter.invoke(FunctionAccessFilter.java:56)
	at coldfusion.runtime.UDFMethod.runFilterChain(UDFMethod.java:207)
	at coldfusion.runtime.UDFMethod.invoke(UDFMethod.java:366)
	at coldfusion.runtime.TemplateProxy.invoke(TemplateProxy.java:198)
	at coldfusion.runtime.TemplateProxy.invoke(TemplateProxy.java:157)
	at coldfusion.runtime.CfJspPage._invoke(CfJspPage.java:1594)
	at cfHttpAntRunner2ecfc2128678627$funcRUN.runFunction(C:\CFusionMX7\wwwroot\mxunit\runner\HttpAntRunner.cfc:27)
	at coldfusion.runtime.UDFMethod.invoke(UDFMethod.java:344)
	at coldfusion.runtime.UDFMethod$ReturnTypeFilter.invoke(UDFMethod.java:290)
	at coldfusion.runtime.UDFMethod$ArgumentCollectionFilter.invoke(UDFMethod.java:254)
	at coldfusion.filter.FunctionAccessFilter.invoke(FunctionAccessFilter.java:56)
	at coldfusion.runtime.UDFMethod.runFilterChain(UDFMethod.java:207)
	at coldfusion.runtime.UDFMethod.invoke(UDFMethod.java:366)
	at coldfusion.runtime.TemplateProxy.invoke(TemplateProxy.java:198)
	at coldfusion.runtime.TemplateProxy.invoke(TemplateProxy.java:157)
	at coldfusion.filter.ComponentFilter.invoke(ComponentFilter.java:158)
	at coldfusion.filter.ApplicationFilter.invoke(ApplicationFilter.java:225)
	at coldfusion.filter.PathFilter.invoke(PathFilter.java:86)
	at coldfusion.filter.LicenseFilter.invoke(LicenseFilter.java:27)
	at coldfusion.filter.ExceptionFilter.invoke(ExceptionFilter.java:69)
	at coldfusion.filter.ClientScopePersistenceFilter.invoke(ClientScopePersistenceFilter.java:28)
	at coldfusion.filter.BrowserFilter.invoke(BrowserFilter.java:38)
	at coldfusion.filter.GlobalsFilter.invoke(GlobalsFilter.java:38)
	at coldfusion.filter.DatasourceFilter.invoke(DatasourceFilter.java:22)
	at coldfusion.xml.rpc.CFCServlet.invoke(CFCServlet.java:106)
	at coldfusion.xml.rpc.CFCServlet.doGet(CFCServlet.java:157)
	at javax.servlet.http.HttpServlet.service(HttpServlet.java:740)
	at org.apache.axis.transport.http.AxisServletBase.service(AxisServletBase.java:327)
	at javax.servlet.http.HttpServlet.service(HttpServlet.java:853)
	at coldfusion.bootstrap.BootstrapServlet.service(BootstrapServlet.java:78)
	at jrun.servlet.ServletInvoker.invoke(ServletInvoker.java:91)
	at jrun.servlet.JRunInvokerChain.invokeNext(JRunInvokerChain.java:42)
	at jrun.servlet.JRunRequestDispatcher.invoke(JRunRequestDispatcher.java:257)
	at jrun.servlet.ServletEngineService.dispatch(ServletEngineService.java:541)
	at jrun.servlet.http.WebService.invokeRunnable(WebService.java:172)
	at jrunx.scheduler.ThreadPool$DownstreamMetrics.invokeRunnable(ThreadPool.java:318)
	at jrunx.scheduler.ThreadPool$ThreadThrottle.invokeRunnable(ThreadPool.java:426)
	at jrunx.scheduler.ThreadPool$UpstreamMetrics.invokeRunnable(ThreadPool.java:264)
	at jrunx.scheduler.WorkerThread.run(WorkerThread.java:66)
]]></failure></testcase><testcase classname="mxunit.tests.framework.fixture.fixturetests.AnotherRandomTest" name="testOne" time="0"></testcase></testsuite>
	       